The system is: Windows - 10.0.19045 - AMD64
Compiling the C compiler identification source file "CMakeCCompilerId.c" succeeded.
Compiler: D:/Visual Studio/VC/Tools/MSVC/14.31.31103/bin/Hostx64/x64/cl.exe 
Build flags: 
Id flags:  

The output was:
0
Microsoft (R) C/C++ Optimizing Compiler Version 19.31.31104 for x64
Copyright (C) Microsoft Corporation.  All rights reserved.

CMakeCCompilerId.c
Microsoft (R) Incremental Linker Version 14.31.31104.0
Copyright (C) Microsoft Corporation.  All rights reserved.

/out:CMakeCCompilerId.exe 
CMakeCCompilerId.obj 


Compilation of the C compiler identification source "CMakeCCompilerId.c" produced "CMakeCCompilerId.exe"

Compilation of the C compiler identification source "CMakeCCompilerId.c" produced "CMakeCCompilerId.obj"

The C compiler identification is MSVC, found in "D:/Projects/CSCI-5607/assignment2b/hw2b/hw2b/out/build/x64-Debug/CMakeFiles/3.22.22011901-MSVC_2/CompilerIdC/CMakeCCompilerId.exe"

Compiling the CXX compiler identification source file "CMakeCXXCompilerId.cpp" succeeded.
Compiler: D:/Visual Studio/VC/Tools/MSVC/14.31.31103/bin/Hostx64/x64/cl.exe 
Build flags: 
Id flags:  

The output was:
0
Microsoft (R) C/C++ Optimizing Compiler Version 19.31.31104 for x64
Copyright (C) Microsoft Corporation.  All rights reserved.

CMakeCXXCompilerId.cpp
Microsoft (R) Incremental Linker Version 14.31.31104.0
Copyright (C) Microsoft Corporation.  All rights reserved.

/out:CMakeCXXCompilerId.exe 
CMakeCXXCompilerId.obj 


Compilation of the CXX compiler identification source "CMakeCXXCompilerId.cpp" produced "CMakeCXXCompilerId.exe"

Compilation of the CXX compiler identification source "CMakeCXXCompilerId.cpp" produced "CMakeCXXCompilerId.obj"

The CXX compiler identification is MSVC, found in "D:/Projects/CSCI-5607/assignment2b/hw2b/hw2b/out/build/x64-Debug/CMakeFiles/3.22.22011901-MSVC_2/CompilerIdCXX/CMakeCXXCompilerId.exe"

Detecting C compiler ABI info compiled with the following output:
Change Dir: D:/Projects/CSCI-5607/assignment2b/hw2b/hw2b/out/build/x64-Debug/CMakeFiles/CMakeTmp

Run Build Command(s):D:/Visual Studio/Common7/IDE/CommonExtensions/Microsoft/CMake/Ninja/ninja.exe cmTC_fa81c && [1/2] Building C object CMakeFiles\cmTC_fa81c.dir\CMakeCCompilerABI.c.obj
[2/2] Linking C executable cmTC_fa81c.exe



Detecting CXX compiler ABI info compiled with the following output:
Change Dir: D:/Projects/CSCI-5607/assignment2b/hw2b/hw2b/out/build/x64-Debug/CMakeFiles/CMakeTmp

Run Build Command(s):D:/Visual Studio/Common7/IDE/CommonExtensions/Microsoft/CMake/Ninja/ninja.exe cmTC_fc97f && [1/2] Building CXX object CMakeFiles\cmTC_fc97f.dir\CMakeCXXCompilerABI.cpp.obj
[2/2] Linking CXX executable cmTC_fc97f.exe



